<?xml version="1.0" encoding="UTF-8"?>
<!-- Generated by org.testng.reporters.JUnitXMLReporter -->
<testsuite ignored="2" hostname="DESKTOP-URE915C" failures="0" tests="2" name="LoginTest" time="29.038" errors="0" timestamp="2023-07-23T11:28:08 BDT">
  <testcase classname="tests.LoginTest" name="loginTest" time="12.78"/>
  <testcase classname="tests.WriterPageTest" name="writerPageTest" time="4.747"/>
  <testcase classname="drivers.BaseDriver" name="@AfterSuite close" time="0.0">
    <ignored/>
  </testcase> <!-- @AfterSuite close -->
  <testcase classname="drivers.BaseDriver" name="@BeforeSuite start" time="0.0">
    <ignored/>
  </testcase> <!-- @BeforeSuite start -->
</testsuite> <!-- LoginTest -->
