<?xml version="1.0" encoding="UTF-8"?>
<testng-results ignored="0" total="2" passed="2" failed="0" skipped="0">
  <reporter-output>
  </reporter-output>
  <suite started-at="2023-07-23T11:27:39 BDT" name="Automaiton" finished-at="2023-07-23T11:28:08 BDT" duration-ms="29038">
    <groups>
    </groups>
    <test started-at="2023-07-23T11:27:39 BDT" name="LoginTest" finished-at="2023-07-23T11:28:08 BDT" duration-ms="29038">
      <class name="tests.LoginTest">
        <test-method is-config="true" signature="start()[pri:0, instance:tests.LoginTest@1349883]" started-at="2023-07-23T11:27:37 BDT" name="start" finished-at="2023-07-23T11:27:39 BDT" duration-ms="2401" status="PASS">
          <reporter-output>
          </reporter-output>
        </test-method> <!-- start -->
        <test-method is-config="true" signature="openUrl()[pri:0, instance:tests.LoginTest@1349883]" started-at="2023-07-23T11:27:39 BDT" name="openUrl" finished-at="2023-07-23T11:27:46 BDT" duration-ms="7066" status="PASS">
          <reporter-output>
          </reporter-output>
        </test-method> <!-- openUrl -->
        <test-method signature="loginTest()[pri:0, instance:tests.LoginTest@1349883]" started-at="2023-07-23T11:27:46 BDT" name="loginTest" finished-at="2023-07-23T11:27:59 BDT" duration-ms="12780" status="PASS">
          <reporter-output>
          </reporter-output>
        </test-method> <!-- loginTest -->
        <test-method is-config="true" signature="afterClass()[pri:0, instance:tests.LoginTest@1349883]" started-at="2023-07-23T11:27:59 BDT" name="afterClass" finished-at="2023-07-23T11:27:59 BDT" duration-ms="430" status="PASS">
          <reporter-output>
          </reporter-output>
        </test-method> <!-- afterClass -->
        <test-method is-config="true" signature="close()[pri:0, instance:tests.LoginTest@1349883]" started-at="2023-07-23T11:28:08 BDT" name="close" finished-at="2023-07-23T11:28:08 BDT" duration-ms="307" status="PASS">
          <reporter-output>
          </reporter-output>
        </test-method> <!-- close -->
      </class> <!-- tests.LoginTest -->
      <class name="tests.WriterPageTest">
        <test-method is-config="true" signature="openUrl()[pri:0, instance:tests.WriterPageTest@3f191845]" started-at="2023-07-23T11:27:59 BDT" name="openUrl" finished-at="2023-07-23T11:28:03 BDT" duration-ms="3806" status="PASS">
          <reporter-output>
          </reporter-output>
        </test-method> <!-- openUrl -->
        <test-method signature="writerPageTest()[pri:0, instance:tests.WriterPageTest@3f191845]" started-at="2023-07-23T11:28:03 BDT" name="writerPageTest" finished-at="2023-07-23T11:28:08 BDT" duration-ms="4747" status="PASS">
          <reporter-output>
          </reporter-output>
        </test-method> <!-- writerPageTest -->
        <test-method is-config="true" signature="afterClass()[pri:0, instance:tests.WriterPageTest@3f191845]" started-at="2023-07-23T11:28:08 BDT" name="afterClass" finished-at="2023-07-23T11:28:08 BDT" duration-ms="163" status="PASS">
          <reporter-output>
          </reporter-output>
        </test-method> <!-- afterClass -->
      </class> <!-- tests.WriterPageTest -->
    </test> <!-- LoginTest -->
  </suite> <!-- Automaiton -->
</testng-results>
