<?xml version="1.0" encoding="UTF-8"?>
<testng-results ignored="0" total="2" passed="2" failed="0" skipped="0">
  <reporter-output>
  </reporter-output>
  <suite started-at="2023-07-24T11:19:07 BDT" name="Automaiton" finished-at="2023-07-24T11:20:19 BDT" duration-ms="71855">
    <groups>
    </groups>
    <test started-at="2023-07-24T11:19:07 BDT" name="LoginTest" finished-at="2023-07-24T11:20:19 BDT" duration-ms="71855">
      <class name="tests.LoginTest">
        <test-method is-config="true" signature="start()[pri:0, instance:tests.LoginTest@1349883]" started-at="2023-07-24T11:19:05 BDT" name="start" finished-at="2023-07-24T11:19:07 BDT" duration-ms="2157" status="PASS">
          <reporter-output>
          </reporter-output>
        </test-method> <!-- start -->
        <test-method is-config="true" signature="openUrl()[pri:0, instance:tests.LoginTest@1349883]" started-at="2023-07-24T11:19:07 BDT" name="openUrl" finished-at="2023-07-24T11:19:13 BDT" duration-ms="5906" status="PASS">
          <reporter-output>
          </reporter-output>
        </test-method> <!-- openUrl -->
        <test-method signature="loginTest()[pri:0, instance:tests.LoginTest@1349883]" started-at="2023-07-24T11:19:13 BDT" name="loginTest" finished-at="2023-07-24T11:19:25 BDT" duration-ms="12010" status="PASS">
          <reporter-output>
          </reporter-output>
        </test-method> <!-- loginTest -->
        <test-method is-config="true" signature="afterClass()[pri:0, instance:tests.LoginTest@1349883]" started-at="2023-07-24T11:19:25 BDT" name="afterClass" finished-at="2023-07-24T11:19:26 BDT" duration-ms="427" status="PASS">
          <reporter-output>
          </reporter-output>
        </test-method> <!-- afterClass -->
        <test-method is-config="true" signature="close()[pri:0, instance:tests.LoginTest@1349883]" started-at="2023-07-24T11:20:19 BDT" name="close" finished-at="2023-07-24T11:20:19 BDT" duration-ms="289" status="PASS">
          <reporter-output>
          </reporter-output>
        </test-method> <!-- close -->
      </class> <!-- tests.LoginTest -->
      <class name="tests.WriterPageTest">
        <test-method is-config="true" signature="openUrl()[pri:0, instance:tests.WriterPageTest@3f191845]" started-at="2023-07-24T11:19:26 BDT" name="openUrl" finished-at="2023-07-24T11:19:32 BDT" duration-ms="6105" status="PASS">
          <reporter-output>
          </reporter-output>
        </test-method> <!-- openUrl -->
        <test-method signature="writerPageTest()[pri:0, instance:tests.WriterPageTest@3f191845]" started-at="2023-07-24T11:19:32 BDT" name="writerPageTest" finished-at="2023-07-24T11:20:19 BDT" duration-ms="47228" status="PASS">
          <reporter-output>
          </reporter-output>
        </test-method> <!-- writerPageTest -->
        <test-method is-config="true" signature="afterClass()[pri:0, instance:tests.WriterPageTest@3f191845]" started-at="2023-07-24T11:20:19 BDT" name="afterClass" finished-at="2023-07-24T11:20:19 BDT" duration-ms="138" status="PASS">
          <reporter-output>
          </reporter-output>
        </test-method> <!-- afterClass -->
      </class> <!-- tests.WriterPageTest -->
    </test> <!-- LoginTest -->
  </suite> <!-- Automaiton -->
</testng-results>
